2025-11-09T00:00:49.304-03:00  INFO 81437 --- [order-service] [main] c.bookstore.order.OrderApplicationTests  : Starting OrderApplicationTests using Java 21.0.7 with PID 81437 (started by kenzoalbuquerque in /Users/kenzoalbuquerque/bookstore-microservice/order-service)
2025-11-09T00:00:49.306-03:00 DEBUG 81437 --- [order-service] [main] c.bookstore.order.OrderApplicationTests  : Running with Spring Boot v3.5.6, Spring v6.2.11
2025-11-09T00:00:49.306-03:00  INFO 81437 --- [order-service] [main] c.bookstore.order.OrderApplicationTests  : The following 1 profile is active: "dev"
2025-11-09T00:00:49.587-03:00  INFO 81437 --- [order-service] [main] o.s.b.f.s.DefaultListableBeanFactory     : Overriding bean definition for bean 'restTemplate' with a different definition: replacing [Root bean: class=null; scope=; abstract=false; lazyInit=null; autowireMode=3; dependencyCheck=0; autowireCandidate=true; primary=false; fallback=false; factoryBeanName=appConfig; factoryMethodName=restTemplate; initMethodNames=null; destroyMethodNames=[(inferred)]; defined in class path resource [com/bookstore/order/config/AppConfig.class]] with [Root bean: class=null; scope=; abstract=false; lazyInit=null; autowireMode=3; dependencyCheck=0; autowireCandidate=true; primary=false; fallback=false; factoryBeanName=restTemplateConfig; factoryMethodName=restTemplate; initMethodNames=null; destroyMethodNames=[(inferred)]; defined in class path resource [com/bookstore/order/config/RestTemplateConfig.class]]
2025-11-09T00:00:49.721-03:00  INFO 81437 --- [order-service] [main] .s.d.r.c.RepositoryConfigurationDelegate : Bootstrapping Spring Data JPA repositories in DEFAULT mode.
2025-11-09T00:00:49.785-03:00  INFO 81437 --- [order-service] [main] .s.d.r.c.RepositoryConfigurationDelegate : Finished Spring Data repository scanning in 59 ms. Found 2 JPA repository interfaces.
2025-11-09T00:00:49.958-03:00  INFO 81437 --- [order-service] [main] o.s.cloud.context.scope.GenericScope     : BeanFactory id=020141d9-6813-3364-affd-bcb34b46e0dd
2025-11-09T00:00:50.118-03:00  INFO 81437 --- [order-service] [main] o.hibernate.jpa.internal.util.LogHelper  : HHH000204: Processing PersistenceUnitInfo [name: default]
2025-11-09T00:00:50.136-03:00  INFO 81437 --- [order-service] [main] org.hibernate.Version                    : HHH000412: Hibernate ORM core version 6.6.29.Final
2025-11-09T00:00:50.147-03:00  INFO 81437 --- [order-service] [main] o.h.c.internal.RegionFactoryInitiator    : HHH000026: Second-level cache disabled
2025-11-09T00:00:50.235-03:00  INFO 81437 --- [order-service] [main] o.s.o.j.p.SpringPersistenceUnitInfo      : No LoadTimeWeaver setup: ignoring JPA class transformer
2025-11-09T00:00:50.245-03:00  INFO 81437 --- [order-service] [main] com.zaxxer.hikari.HikariDataSource       : HikariPool-1 - Starting...
2025-11-09T00:00:50.340-03:00  INFO 81437 --- [order-service] [main] com.zaxxer.hikari.pool.HikariPool        : HikariPool-1 - Added connection org.postgresql.jdbc.PgConnection@39159b14
2025-11-09T00:00:50.341-03:00  INFO 81437 --- [order-service] [main] com.zaxxer.hikari.HikariDataSource       : HikariPool-1 - Start completed.
2025-11-09T00:00:50.376-03:00  INFO 81437 --- [order-service] [main] org.hibernate.orm.connections.pooling    : HHH10001005: Database info:
	Database JDBC URL [Connecting through datasource 'HikariDataSource (HikariPool-1)']
	Database driver: undefined/unknown
	Database version: 17.5
	Autocommit mode: undefined/unknown
	Isolation level: undefined/unknown
	Minimum pool size: undefined/unknown
	Maximum pool size: undefined/unknown
2025-11-09T00:00:50.700-03:00  INFO 81437 --- [order-service] [main] o.h.e.t.j.p.i.JtaPlatformInitiator       : HHH000489: No JTA platform available (set 'hibernate.transaction.jta.platform' to enable JTA platform integration)
2025-11-09T00:00:50.725-03:00  INFO 81437 --- [order-service] [main] j.LocalContainerEntityManagerFactoryBean : Initialized JPA EntityManagerFactory for persistence unit 'default'
2025-11-09T00:00:50.980-03:00  WARN 81437 --- [order-service] [main] JpaBaseConfiguration$JpaWebConfiguration : spring.jpa.open-in-view is enabled by default. Therefore, database queries may be performed during view rendering. Explicitly configure spring.jpa.open-in-view to disable this warning
2025-11-09T00:00:51.014-03:00  WARN 81437 --- [order-service] [main] .s.s.UserDetailsServiceAutoConfiguration : 

Using generated security password: 4d691e55-3a35-486c-bffe-d44b235b8518

This generated password is for development use only. Your security configuration must be updated before running your application in production.

2025-11-09T00:00:51.415-03:00  INFO 81437 --- [order-service] [main] o.s.b.a.e.web.EndpointLinksResolver      : Exposing 3 endpoints beneath base path '/actuator'
2025-11-09T00:00:51.448-03:00  INFO 81437 --- [order-service] [main] DiscoveryClientOptionalArgsConfiguration : Eureka HTTP Client uses RestTemplate.
2025-11-09T00:00:51.480-03:00  WARN 81437 --- [order-service] [main] iguration$LoadBalancerCaffeineWarnLogger : Spring Cloud LoadBalancer is currently working with the default cache. While this cache implementation is useful for development and tests, it's recommended to use Caffeine cache in production.You can switch to using Caffeine cache, by adding it and org.springframework.cache.caffeine.CaffeineCacheManager to the classpath.
2025-11-09T00:00:51.532-03:00  INFO 81437 --- [order-service] [main] o.s.c.n.eureka.InstanceInfoFactory       : Setting initial instance status as: STARTING
2025-11-09T00:00:51.543-03:00  INFO 81437 --- [order-service] [main] com.netflix.discovery.DiscoveryClient    : Initializing Eureka in region us-east-1
2025-11-09T00:00:51.546-03:00  INFO 81437 --- [order-service] [main] c.n.d.s.r.aws.ConfigClusterResolver      : Resolving eureka endpoints via configuration
2025-11-09T00:00:51.549-03:00  INFO 81437 --- [order-service] [main] com.netflix.discovery.DiscoveryClient    : Disable delta property : false
2025-11-09T00:00:51.549-03:00  INFO 81437 --- [order-service] [main] com.netflix.discovery.DiscoveryClient    : Single vip registry refresh property : null
2025-11-09T00:00:51.549-03:00  INFO 81437 --- [order-service] [main] com.netflix.discovery.DiscoveryClient    : Force full registry fetch : false
2025-11-09T00:00:51.549-03:00  INFO 81437 --- [order-service] [main] com.netflix.discovery.DiscoveryClient    : Application is null : false
2025-11-09T00:00:51.549-03:00  INFO 81437 --- [order-service] [main] com.netflix.discovery.DiscoveryClient    : Registered Applications size is zero : true
2025-11-09T00:00:51.549-03:00  INFO 81437 --- [order-service] [main] com.netflix.discovery.DiscoveryClient    : Application version is -1: true
2025-11-09T00:00:51.549-03:00  INFO 81437 --- [order-service] [main] com.netflix.discovery.DiscoveryClient    : Getting all instance registry info from the eureka server
2025-11-09T00:00:51.703-03:00  INFO 81437 --- [order-service] [main] com.netflix.discovery.DiscoveryClient    : The response status is 200
2025-11-09T00:00:51.704-03:00  INFO 81437 --- [order-service] [main] com.netflix.discovery.DiscoveryClient    : Starting heartbeat executor: renew interval is: 30
2025-11-09T00:00:51.705-03:00  INFO 81437 --- [order-service] [main] c.n.discovery.InstanceInfoReplicator     : InstanceInfoReplicator onDemand update allowed rate per min is 4
2025-11-09T00:00:51.706-03:00  INFO 81437 --- [order-service] [main] com.netflix.discovery.DiscoveryClient    : Discovery Client initialized at timestamp 1762657251706 with initial instances count: 4
2025-11-09T00:00:51.709-03:00  INFO 81437 --- [order-service] [main] o.s.c.n.e.s.EurekaServiceRegistry        : Registering application ORDER-SERVICE with eureka with status UP
2025-11-09T00:00:51.709-03:00  INFO 81437 --- [order-service] [main] com.netflix.discovery.DiscoveryClient    : Saw local status change event StatusChangeEvent [timestamp=1762657251709, current=UP, previous=STARTING]
2025-11-09T00:00:51.713-03:00  INFO 81437 --- [order-service] [DiscoveryClient-InstanceInfoReplicator-%d] com.netflix.discovery.DiscoveryClient    : DiscoveryClient_ORDER-SERVICE/192.168.99.105:order-service:8083: registering service...
2025-11-09T00:00:51.725-03:00  INFO 81437 --- [order-service] [main] c.bookstore.order.OrderApplicationTests  : Started OrderApplicationTests in 2.546 seconds (process running for 3.143)
2025-11-09T00:00:51.749-03:00  INFO 81437 --- [order-service] [DiscoveryClient-InstanceInfoReplicator-%d] com.netflix.discovery.DiscoveryClient    : DiscoveryClient_ORDER-SERVICE/192.168.99.105:order-service:8083 - registration status: 204
2025-11-09T00:00:52.152-03:00  INFO 81437 --- [order-service] [SpringApplicationShutdownHook] o.s.c.n.e.s.EurekaServiceRegistry        : Unregistering application ORDER-SERVICE with eureka with status DOWN
2025-11-09T00:00:52.152-03:00  INFO 81437 --- [order-service] [SpringApplicationShutdownHook] com.netflix.discovery.DiscoveryClient    : Saw local status change event StatusChangeEvent [timestamp=1762657252152, current=DOWN, previous=UP]
2025-11-09T00:00:52.152-03:00  INFO 81437 --- [order-service] [DiscoveryClient-InstanceInfoReplicator-%d] com.netflix.discovery.DiscoveryClient    : DiscoveryClient_ORDER-SERVICE/192.168.99.105:order-service:8083: registering service...
2025-11-09T00:00:52.160-03:00  INFO 81437 --- [order-service] [SpringApplicationShutdownHook] j.LocalContainerEntityManagerFactoryBean : Closing JPA EntityManagerFactory for persistence unit 'default'
2025-11-09T00:00:52.161-03:00  INFO 81437 --- [order-service] [SpringApplicationShutdownHook] com.zaxxer.hikari.HikariDataSource       : HikariPool-1 - Shutdown initiated...
2025-11-09T00:00:52.162-03:00  INFO 81437 --- [order-service] [DiscoveryClient-InstanceInfoReplicator-%d] com.netflix.discovery.DiscoveryClient    : DiscoveryClient_ORDER-SERVICE/192.168.99.105:order-service:8083 - registration status: 204
2025-11-09T00:00:52.166-03:00  INFO 81437 --- [order-service] [SpringApplicationShutdownHook] com.zaxxer.hikari.HikariDataSource       : HikariPool-1 - Shutdown completed.
2025-11-09T00:00:52.167-03:00  INFO 81437 --- [order-service] [SpringApplicationShutdownHook] com.netflix.discovery.DiscoveryClient    : Shutting down DiscoveryClient ...
2025-11-09T00:00:55.170-03:00  INFO 81437 --- [order-service] [SpringApplicationShutdownHook] com.netflix.discovery.DiscoveryClient    : Unregistering ...
2025-11-09T00:00:55.180-03:00  INFO 81437 --- [order-service] [SpringApplicationShutdownHook] com.netflix.discovery.DiscoveryClient    : DiscoveryClient_ORDER-SERVICE/192.168.99.105:order-service:8083 - deregister  status: 200
2025-11-09T00:00:55.180-03:00  INFO 81437 --- [order-service] [SpringApplicationShutdownHook] com.netflix.discovery.DiscoveryClient    : Completed shut down of DiscoveryClient
